warning: ignoring unsupported tag 'PROJECT_ICON' at line 70, file Doxyfile
warning: ignoring unsupported tag 'AUTOLINK_IGNORE_WORDS' at line 399, file Doxyfile
warning: ignoring unsupported tag 'HIDE_UNDOC_NAMESPACES' at line 618, file Doxyfile
warning: ignoring unsupported tag 'EXTERNAL_TOOL_PATH' at line 868, file Doxyfile
warning: ignoring unsupported tag 'WARN_LAYOUT_FILE' at line 936, file Doxyfile
warning: ignoring unsupported tag 'IMPLICIT_DIR_DOCS' at line 1219, file Doxyfile
warning: ignoring unsupported tag 'HTML_COPY_CLIPBOARD' at line 1549, file Doxyfile
warning: ignoring unsupported tag 'HTML_PROJECT_COOKIE' at line 1558, file Doxyfile
warning: ignoring unsupported tag 'SHOW_ENUM_VALUES' at line 1838, file Doxyfile
warning: ignoring unsupported tag 'RTF_EXTRA_FILES' at line 2294, file Doxyfile
warning: ignoring unsupported tag 'PLANTUMLFILE_DIRS' at line 2902, file Doxyfile
warning: The selected output language "french" has not been updated
since release 1.9.5.  As a result some sentences may appear in English.

/home/maxime/dev_max/PIGI_2/matrix_display/doc_doxygen/qt6.tags:2: warning: Unknown start tag 'html' found!
/home/maxime/dev_max/PIGI_2/matrix_display/doc_doxygen/qt6.tags:3: warning: Unknown start tag 'head' found!
/home/maxime/dev_max/PIGI_2/matrix_display/doc_doxygen/qt6.tags:4: warning: Unknown start tag 'meta' found!
/home/maxime/dev_max/PIGI_2/matrix_display/doc_doxygen/qt6.tags:4: warning: Unknown end tag 'meta' found!
/home/maxime/dev_max/PIGI_2/matrix_display/doc_doxygen/qt6.tags:5: warning: Unknown start tag 'meta' found!
/home/maxime/dev_max/PIGI_2/matrix_display/doc_doxygen/qt6.tags:5: warning: Unknown end tag 'meta' found!
/home/maxime/dev_max/PIGI_2/matrix_display/doc_doxygen/qt6.tags:6: warning: Unexpected tag 'title' found
/home/maxime/dev_max/PIGI_2/matrix_display/doc_doxygen/qt6.tags:7: warning: Unknown start tag 'link' found!
/home/maxime/dev_max/PIGI_2/matrix_display/doc_doxygen/qt6.tags:7: warning: Unknown end tag 'link' found!
/home/maxime/dev_max/PIGI_2/matrix_display/doc_doxygen/qt6.tags:8: warning: Unknown start tag 'link' found!
/home/maxime/dev_max/PIGI_2/matrix_display/doc_doxygen/qt6.tags:8: warning: Unknown end tag 'link' found!
/home/maxime/dev_max/PIGI_2/matrix_display/doc_doxygen/qt6.tags:9: warning: Unknown start tag 'link' found!
/home/maxime/dev_max/PIGI_2/matrix_display/doc_doxygen/qt6.tags:9: warning: Unknown end tag 'link' found!
/home/maxime/dev_max/PIGI_2/matrix_display/doc_doxygen/qt6.tags:10: warning: Unknown start tag 'link' found!
/home/maxime/dev_max/PIGI_2/matrix_display/doc_doxygen/qt6.tags:10: warning: Unknown end tag 'link' found!
/home/maxime/dev_max/PIGI_2/matrix_display/doc_doxygen/qt6.tags:11: warning: Unknown start tag 'link' found!
/home/maxime/dev_max/PIGI_2/matrix_display/doc_doxygen/qt6.tags:11: warning: Unknown end tag 'link' found!
/home/maxime/dev_max/PIGI_2/matrix_display/doc_doxygen/qt6.tags:12: warning: Unknown start tag 'link' found!
/home/maxime/dev_max/PIGI_2/matrix_display/doc_doxygen/qt6.tags:12: warning: Unknown end tag 'link' found!
/home/maxime/dev_max/PIGI_2/matrix_display/doc_doxygen/qt6.tags:13: warning: Unknown start tag 'script' found!
/home/maxime/dev_max/PIGI_2/matrix_display/doc_doxygen/qt6.tags:13: warning: Unknown end tag 'script' found!
/home/maxime/dev_max/PIGI_2/matrix_display/doc_doxygen/qt6.tags:14: warning: Unknown start tag 'script' found!
/home/maxime/dev_max/PIGI_2/matrix_display/doc_doxygen/qt6.tags:14: warning: Unknown end tag 'script' found!
/home/maxime/dev_max/PIGI_2/matrix_display/doc_doxygen/qt6.tags:15: warning: Unknown start tag 'script' found!
/home/maxime/dev_max/PIGI_2/matrix_display/doc_doxygen/qt6.tags:15: warning: Unknown end tag 'script' found!
/home/maxime/dev_max/PIGI_2/matrix_display/doc_doxygen/qt6.tags:16: warning: Unknown start tag 'script' found!
/home/maxime/dev_max/PIGI_2/matrix_display/doc_doxygen/qt6.tags:16: warning: Unknown end tag 'script' found!
/home/maxime/dev_max/PIGI_2/matrix_display/doc_doxygen/qt6.tags:17: warning: Unknown start tag 'script' found!
/home/maxime/dev_max/PIGI_2/matrix_display/doc_doxygen/qt6.tags:17: warning: Unknown end tag 'script' found!
/home/maxime/dev_max/PIGI_2/matrix_display/doc_doxygen/qt6.tags:18: warning: Unknown start tag 'script' found!
/home/maxime/dev_max/PIGI_2/matrix_display/doc_doxygen/qt6.tags:18: warning: Unknown end tag 'script' found!
/home/maxime/dev_max/PIGI_2/matrix_display/doc_doxygen/qt6.tags:19: warning: Unknown start tag 'script' found!
/home/maxime/dev_max/PIGI_2/matrix_display/doc_doxygen/qt6.tags:20: warning: Unknown end tag 'script' found!
/home/maxime/dev_max/PIGI_2/matrix_display/doc_doxygen/qt6.tags:22: warning: Unknown start tag 'script' found!
/home/maxime/dev_max/PIGI_2/matrix_display/doc_doxygen/qt6.tags:22: warning: Invalid character entity '&l='+l:'';' found

/home/maxime/dev_max/PIGI_2/matrix_display/doc_doxygen/qt6.tags:22: warning: Unknown end tag 'script' found!
/home/maxime/dev_max/PIGI_2/matrix_display/doc_doxygen/qt6.tags:24: warning: Unknown start tag 'style' found!
/home/maxime/dev_max/PIGI_2/matrix_display/doc_doxygen/qt6.tags:25: warning: Unknown end tag 'style' found!
/home/maxime/dev_max/PIGI_2/matrix_display/doc_doxygen/qt6.tags:26: warning: Unknown start tag 'script' found!
/home/maxime/dev_max/PIGI_2/matrix_display/doc_doxygen/qt6.tags:26: warning: Unknown end tag 'script' found!
/home/maxime/dev_max/PIGI_2/matrix_display/doc_doxygen/qt6.tags:27: warning: Unknown end tag 'head' found!
/home/maxime/dev_max/PIGI_2/matrix_display/doc_doxygen/qt6.tags:28: warning: Unknown start tag 'body' found!
/home/maxime/dev_max/PIGI_2/matrix_display/doc_doxygen/qt6.tags:29: warning: Unknown start tag 'div' found!
/home/maxime/dev_max/PIGI_2/matrix_display/doc_doxygen/qt6.tags:30: warning: Unknown start tag 'header' found!
/home/maxime/dev_max/PIGI_2/matrix_display/doc_doxygen/qt6.tags:31: warning: Unknown start tag 'div' found!
/home/maxime/dev_max/PIGI_2/matrix_display/doc_doxygen/qt6.tags:33: warning: Unknown start tag 'div' found!
/home/maxime/dev_max/PIGI_2/matrix_display/doc_doxygen/qt6.tags:34: warning: Unknown start tag 'div' found!
/home/maxime/dev_max/PIGI_2/matrix_display/doc_doxygen/qt6.tags:35: warning: Unknown start tag 'a' found!
/home/maxime/dev_max/PIGI_2/matrix_display/doc_doxygen/qt6.tags:35: warning: Unknown end tag 'a' found!
/home/maxime/dev_max/PIGI_2/matrix_display/doc_doxygen/qt6.tags:36: warning: Unknown end tag 'div' found!
/home/maxime/dev_max/PIGI_2/matrix_display/doc_doxygen/qt6.tags:37: warning: Unknown start tag 'div' found!
/home/maxime/dev_max/PIGI_2/matrix_display/doc_doxygen/qt6.tags:38: warning: Unknown start tag 'a' found!
/home/maxime/dev_max/PIGI_2/matrix_display/doc_doxygen/qt6.tags:38: warning: Unknown end tag 'a' found!
/home/maxime/dev_max/PIGI_2/matrix_display/doc_doxygen/qt6.tags:39: warning: Unknown start tag 'a' found!
/home/maxime/dev_max/PIGI_2/matrix_display/doc_doxygen/qt6.tags:39: warning: Unknown end tag 'a' found!
/home/maxime/dev_max/PIGI_2/matrix_display/doc_doxygen/qt6.tags:40: warning: Unknown start tag 'a' found!
/home/maxime/dev_max/PIGI_2/matrix_display/doc_doxygen/qt6.tags:40: warning: Invalid character entity '&#116;' found

/home/maxime/dev_max/PIGI_2/matrix_display/doc_doxygen/qt6.tags:40: warning: Unknown end tag 'a' found!
/home/maxime/dev_max/PIGI_2/matrix_display/doc_doxygen/qt6.tags:41: warning: Unknown end tag 'div' found!
/home/maxime/dev_max/PIGI_2/matrix_display/doc_doxygen/qt6.tags:42: warning: Unknown end tag 'div' found!
/home/maxime/dev_max/PIGI_2/matrix_display/doc_doxygen/qt6.tags:44: warning: Unknown start tag 'div' found!
/home/maxime/dev_max/PIGI_2/matrix_display/doc_doxygen/qt6.tags:45: warning: Unknown start tag 'div' found!
/home/maxime/dev_max/PIGI_2/matrix_display/doc_doxygen/qt6.tags:46: warning: Unknown start tag 'a' found!
/home/maxime/dev_max/PIGI_2/matrix_display/doc_doxygen/qt6.tags:47: warning: Unknown start tag 'img' found!
/home/maxime/dev_max/PIGI_2/matrix_display/doc_doxygen/qt6.tags:48: warning: Found closing tag 'a' that does not match the opening tag 'img' at the same level
/home/maxime/dev_max/PIGI_2/matrix_display/doc_doxygen/qt6.tags:48: warning: Unknown end tag 'a' found!
/home/maxime/dev_max/PIGI_2/matrix_display/doc_doxygen/qt6.tags:49: warning: Found closing tag 'div' that does not match the opening tag 'img' at the same level
/home/maxime/dev_max/PIGI_2/matrix_display/doc_doxygen/qt6.tags:49: warning: Unknown end tag 'div' found!
/home/maxime/dev_max/PIGI_2/matrix_display/doc_doxygen/qt6.tags:50: warning: Unknown start tag 'div' found!
/home/maxime/dev_max/PIGI_2/matrix_display/doc_doxygen/qt6.tags:51: warning: Unknown start tag 'ul' found!
/home/maxime/dev_max/PIGI_2/matrix_display/doc_doxygen/qt6.tags:52: warning: Unknown start tag 'li' found!
/home/maxime/dev_max/PIGI_2/matrix_display/doc_doxygen/qt6.tags:53: warning: Unknown start tag 'div' found!
/home/maxime/dev_max/PIGI_2/matrix_display/doc_doxygen/qt6.tags:54: warning: Unknown start tag 'label' found!
/home/maxime/dev_max/PIGI_2/matrix_display/doc_doxygen/qt6.tags:55: warning: Unknown start tag 'input' found!
/home/maxime/dev_max/PIGI_2/matrix_display/doc_doxygen/qt6.tags:55: warning: Unknown end tag 'input' found!
/home/maxime/dev_max/PIGI_2/matrix_display/doc_doxygen/qt6.tags:56: warning: Unknown start tag 'div' found!
/home/maxime/dev_max/PIGI_2/matrix_display/doc_doxygen/qt6.tags:56: warning: Unknown end tag 'div' found!
/home/maxime/dev_max/PIGI_2/matrix_display/doc_doxygen/qt6.tags:57: warning: Unknown end tag 'label' found!
/home/maxime/dev_max/PIGI_2/matrix_display/doc_doxygen/qt6.tags:58: warning: Unknown end tag 'div' found!
/home/maxime/dev_max/PIGI_2/matrix_display/doc_doxygen/qt6.tags:59: warning: Unknown end tag 'li' found!
/home/maxime/dev_max/PIGI_2/matrix_display/doc_doxygen/qt6.tags:60: warning: Unknown start tag 'li' found!
/home/maxime/dev_max/PIGI_2/matrix_display/doc_doxygen/qt6.tags:61: warning: Unknown start tag 'a' found!
/home/maxime/dev_max/PIGI_2/matrix_display/doc_doxygen/qt6.tags:61: warning: Unknown end tag 'a' found!
/home/maxime/dev_max/PIGI_2/matrix_display/doc_doxygen/qt6.tags:62: warning: Unknown end tag 'li' found!
/home/maxime/dev_max/PIGI_2/matrix_display/doc_doxygen/qt6.tags:63: warning: Unknown start tag 'li' found!
/home/maxime/dev_max/PIGI_2/matrix_display/doc_doxygen/qt6.tags:64: warning: Unknown start tag 'a' found!
/home/maxime/dev_max/PIGI_2/matrix_display/doc_doxygen/qt6.tags:64: warning: Unknown end tag 'a' found!
/home/maxime/dev_max/PIGI_2/matrix_display/doc_doxygen/qt6.tags:65: warning: Unknown end tag 'li' found!
/home/maxime/dev_max/PIGI_2/matrix_display/doc_doxygen/qt6.tags:66: warning: Unknown end tag 'ul' found!
/home/maxime/dev_max/PIGI_2/matrix_display/doc_doxygen/qt6.tags:67: warning: Unknown end tag 'div' found!
/home/maxime/dev_max/PIGI_2/matrix_display/doc_doxygen/qt6.tags:68: warning: Unknown start tag 'div' found!
/home/maxime/dev_max/PIGI_2/matrix_display/doc_doxygen/qt6.tags:69: warning: Unknown start tag 'div' found!
/home/maxime/dev_max/PIGI_2/matrix_display/doc_doxygen/qt6.tags:69: warning: Unknown end tag 'div' found!
/home/maxime/dev_max/PIGI_2/matrix_display/doc_doxygen/qt6.tags:70: warning: Unknown end tag 'div' found!
/home/maxime/dev_max/PIGI_2/matrix_display/doc_doxygen/qt6.tags:71: warning: Found closing tag 'div' that does not match the opening tag 'img' at the same level
/home/maxime/dev_max/PIGI_2/matrix_display/doc_doxygen/qt6.tags:71: warning: Unknown end tag 'div' found!
/home/maxime/dev_max/PIGI_2/matrix_display/doc_doxygen/qt6.tags:72: warning: Found closing tag 'div' that does not match the opening tag 'img' at the same level
/home/maxime/dev_max/PIGI_2/matrix_display/doc_doxygen/qt6.tags:72: warning: Unknown end tag 'div' found!
/home/maxime/dev_max/PIGI_2/matrix_display/doc_doxygen/qt6.tags:73: warning: Found closing tag 'header' that does not match the opening tag 'img' at the same level
/home/maxime/dev_max/PIGI_2/matrix_display/doc_doxygen/qt6.tags:73: warning: Unknown end tag 'header' found!
/home/maxime/dev_max/PIGI_2/matrix_display/doc_doxygen/qt6.tags:74: warning: Found closing tag 'div' that does not match the opening tag 'img' at the same level
/home/maxime/dev_max/PIGI_2/matrix_display/doc_doxygen/qt6.tags:74: warning: Unknown end tag 'div' found!
/home/maxime/dev_max/PIGI_2/matrix_display/doc_doxygen/qt6.tags:75: warning: Unknown start tag 'div' found!
/home/maxime/dev_max/PIGI_2/matrix_display/doc_doxygen/qt6.tags:76: warning: Unknown start tag 'div' found!
/home/maxime/dev_max/PIGI_2/matrix_display/doc_doxygen/qt6.tags:77: warning: Unknown start tag 'div' found!
/home/maxime/dev_max/PIGI_2/matrix_display/doc_doxygen/qt6.tags:78: warning: Unknown start tag 'div' found!
/home/maxime/dev_max/PIGI_2/matrix_display/doc_doxygen/qt6.tags:79: warning: Unknown start tag 'div' found!
/home/maxime/dev_max/PIGI_2/matrix_display/doc_doxygen/qt6.tags:80: warning: Unknown start tag 'div' found!
/home/maxime/dev_max/PIGI_2/matrix_display/doc_doxygen/qt6.tags:81: warning: Unknown start tag 'form' found!
/home/maxime/dev_max/PIGI_2/matrix_display/doc_doxygen/qt6.tags:82: warning: Unknown start tag 'input' found!
/home/maxime/dev_max/PIGI_2/matrix_display/doc_doxygen/qt6.tags:83: warning: Unknown start tag 'button' found!
/home/maxime/dev_max/PIGI_2/matrix_display/doc_doxygen/qt6.tags:83: warning: Unknown end tag 'button' found!
/home/maxime/dev_max/PIGI_2/matrix_display/doc_doxygen/qt6.tags:84: warning: Unknown start tag 'style' found!
/home/maxime/dev_max/PIGI_2/matrix_display/doc_doxygen/qt6.tags:84: warning: Unknown end tag 'style' found!
/home/maxime/dev_max/PIGI_2/matrix_display/doc_doxygen/qt6.tags:85: warning: Found closing tag 'form' that does not match the opening tag 'input' at the same level
/home/maxime/dev_max/PIGI_2/matrix_display/doc_doxygen/qt6.tags:85: warning: Unknown end tag 'form' found!
/home/maxime/dev_max/PIGI_2/matrix_display/doc_doxygen/qt6.tags:86: warning: Found closing tag 'div' that does not match the opening tag 'input' at the same level
/home/maxime/dev_max/PIGI_2/matrix_display/doc_doxygen/qt6.tags:86: warning: Unknown end tag 'div' found!
/home/maxime/dev_max/PIGI_2/matrix_display/doc_doxygen/qt6.tags:87: warning: Unknown start tag 'div' found!
/home/maxime/dev_max/PIGI_2/matrix_display/doc_doxygen/qt6.tags:88: warning: Unknown start tag 'ul' found!
/home/maxime/dev_max/PIGI_2/matrix_display/doc_doxygen/qt6.tags:89: warning: Unknown start tag 'li' found!
/home/maxime/dev_max/PIGI_2/matrix_display/doc_doxygen/qt6.tags:89: warning: Unknown start tag 'a' found!
/home/maxime/dev_max/PIGI_2/matrix_display/doc_doxygen/qt6.tags:89: warning: Unknown end tag 'a' found!
/home/maxime/dev_max/PIGI_2/matrix_display/doc_doxygen/qt6.tags:89: warning: Unknown end tag 'li' found!
/home/maxime/dev_max/PIGI_2/matrix_display/doc_doxygen/qt6.tags:90: warning: Unknown start tag 'li' found!
/home/maxime/dev_max/PIGI_2/matrix_display/doc_doxygen/qt6.tags:90: warning: Unknown start tag 'a' found!
/home/maxime/dev_max/PIGI_2/matrix_display/doc_doxygen/qt6.tags:90: warning: Unknown end tag 'a' found!
/home/maxime/dev_max/PIGI_2/matrix_display/doc_doxygen/qt6.tags:90: warning: Unknown end tag 'li' found!
/home/maxime/dev_max/PIGI_2/matrix_display/doc_doxygen/qt6.tags:91: warning: Unknown end tag 'ul' found!
/home/maxime/dev_max/PIGI_2/matrix_display/doc_doxygen/qt6.tags:92: warning: Unknown end tag 'div' found!
/home/maxime/dev_max/PIGI_2/matrix_display/doc_doxygen/qt6.tags:93: warning: Found closing tag 'div' that does not match the opening tag 'input' at the same level
/home/maxime/dev_max/PIGI_2/matrix_display/doc_doxygen/qt6.tags:93: warning: Unknown end tag 'div' found!
/home/maxime/dev_max/PIGI_2/matrix_display/doc_doxygen/qt6.tags:94: warning: Found closing tag 'div' that does not match the opening tag 'input' at the same level
/home/maxime/dev_max/PIGI_2/matrix_display/doc_doxygen/qt6.tags:94: warning: Unknown end tag 'div' found!
/home/maxime/dev_max/PIGI_2/matrix_display/doc_doxygen/qt6.tags:95: warning: Unknown start tag 'div' found!
/home/maxime/dev_max/PIGI_2/matrix_display/doc_doxygen/qt6.tags:96: warning: Unknown start tag 'div' found!
/home/maxime/dev_max/PIGI_2/matrix_display/doc_doxygen/qt6.tags:97: warning: Unknown start tag 'span' found!
/home/maxime/dev_max/PIGI_2/matrix_display/doc_doxygen/qt6.tags:97: warning: Unknown end tag 'span' found!
/home/maxime/dev_max/PIGI_2/matrix_display/doc_doxygen/qt6.tags:98: warning: Unknown start tag 'div' found!
/home/maxime/dev_max/PIGI_2/matrix_display/doc_doxygen/qt6.tags:99: warning: Unknown start tag 'div' found!
/home/maxime/dev_max/PIGI_2/matrix_display/doc_doxygen/qt6.tags:100: warning: Unknown start tag 'h1' found!
/home/maxime/dev_max/PIGI_2/matrix_display/doc_doxygen/qt6.tags:100: warning: Unknown end tag 'h1' found!
/home/maxime/dev_max/PIGI_2/matrix_display/doc_doxygen/qt6.tags:101: warning: Unknown start tag 'p' found!
/home/maxime/dev_max/PIGI_2/matrix_display/doc_doxygen/qt6.tags:102: warning: Unknown end tag 'p' found!
/home/maxime/dev_max/PIGI_2/matrix_display/doc_doxygen/qt6.tags:103: warning: Unknown start tag 'p' found!
/home/maxime/dev_max/PIGI_2/matrix_display/doc_doxygen/qt6.tags:104: warning: Unknown start tag 'a' found!
/home/maxime/dev_max/PIGI_2/matrix_display/doc_doxygen/qt6.tags:104: warning: Unknown end tag 'a' found!
/home/maxime/dev_max/PIGI_2/matrix_display/doc_doxygen/qt6.tags:104: warning: Unknown end tag 'p' found!
/home/maxime/dev_max/PIGI_2/matrix_display/doc_doxygen/qt6.tags:105: warning: Unknown end tag 'div' found!
/home/maxime/dev_max/PIGI_2/matrix_display/doc_doxygen/qt6.tags:107: warning: Unknown start tag 'div' found!
/home/maxime/dev_max/PIGI_2/matrix_display/doc_doxygen/qt6.tags:107: warning: Unknown end tag 'div' found!
/home/maxime/dev_max/PIGI_2/matrix_display/doc_doxygen/qt6.tags:108: warning: Unknown end tag 'div' found!
/home/maxime/dev_max/PIGI_2/matrix_display/doc_doxygen/qt6.tags:109: warning: Unknown end tag 'div' found!
/home/maxime/dev_max/PIGI_2/matrix_display/doc_doxygen/qt6.tags:110: warning: Unknown end tag 'div' found!
/home/maxime/dev_max/PIGI_2/matrix_display/doc_doxygen/qt6.tags:111: warning: Found closing tag 'div' that does not match the opening tag 'input' at the same level
/home/maxime/dev_max/PIGI_2/matrix_display/doc_doxygen/qt6.tags:111: warning: Unknown end tag 'div' found!
/home/maxime/dev_max/PIGI_2/matrix_display/doc_doxygen/qt6.tags:112: warning: Found closing tag 'div' that does not match the opening tag 'input' at the same level
/home/maxime/dev_max/PIGI_2/matrix_display/doc_doxygen/qt6.tags:112: warning: Unknown end tag 'div' found!
/home/maxime/dev_max/PIGI_2/matrix_display/doc_doxygen/qt6.tags:113: warning: Found closing tag 'div' that does not match the opening tag 'input' at the same level
/home/maxime/dev_max/PIGI_2/matrix_display/doc_doxygen/qt6.tags:113: warning: Unknown end tag 'div' found!
/home/maxime/dev_max/PIGI_2/matrix_display/doc_doxygen/qt6.tags:114: warning: Unknown start tag 'div' found!
/home/maxime/dev_max/PIGI_2/matrix_display/doc_doxygen/qt6.tags:115: warning: Unknown start tag 'div' found!
/home/maxime/dev_max/PIGI_2/matrix_display/doc_doxygen/qt6.tags:116: warning: Unknown start tag 'div' found!
/home/maxime/dev_max/PIGI_2/matrix_display/doc_doxygen/qt6.tags:117: warning: Unknown start tag 'div' found!
/home/maxime/dev_max/PIGI_2/matrix_display/doc_doxygen/qt6.tags:118: warning: Unknown start tag 'div' found!
/home/maxime/dev_max/PIGI_2/matrix_display/doc_doxygen/qt6.tags:119: warning: Unknown start tag 'div' found!
/home/maxime/dev_max/PIGI_2/matrix_display/doc_doxygen/qt6.tags:120: warning: Unknown start tag 'a' found!
/home/maxime/dev_max/PIGI_2/matrix_display/doc_doxygen/qt6.tags:121: warning: Unknown start tag 'img' found!
/home/maxime/dev_max/PIGI_2/matrix_display/doc_doxygen/qt6.tags:122: warning: Found closing tag 'a' that does not match the opening tag 'img' at the same level
/home/maxime/dev_max/PIGI_2/matrix_display/doc_doxygen/qt6.tags:122: warning: Unknown end tag 'a' found!
/home/maxime/dev_max/PIGI_2/matrix_display/doc_doxygen/qt6.tags:123: warning: Found closing tag 'div' that does not match the opening tag 'img' at the same level
/home/maxime/dev_max/PIGI_2/matrix_display/doc_doxygen/qt6.tags:123: warning: Unknown end tag 'div' found!
/home/maxime/dev_max/PIGI_2/matrix_display/doc_doxygen/qt6.tags:124: warning: Unknown start tag 'div' found!
/home/maxime/dev_max/PIGI_2/matrix_display/doc_doxygen/qt6.tags:125: warning: Unknown start tag 'a' found!
/home/maxime/dev_max/PIGI_2/matrix_display/doc_doxygen/qt6.tags:125: warning: Unknown start tag 'span' found!
/home/maxime/dev_max/PIGI_2/matrix_display/doc_doxygen/qt6.tags:125: warning: Unknown end tag 'span' found!
/home/maxime/dev_max/PIGI_2/matrix_display/doc_doxygen/qt6.tags:125: warning: Unknown end tag 'a' found!
/home/maxime/dev_max/PIGI_2/matrix_display/doc_doxygen/qt6.tags:126: warning: Unknown start tag 'a' found!
/home/maxime/dev_max/PIGI_2/matrix_display/doc_doxygen/qt6.tags:126: warning: Unknown start tag 'span' found!
/home/maxime/dev_max/PIGI_2/matrix_display/doc_doxygen/qt6.tags:126: warning: Unknown end tag 'span' found!
/home/maxime/dev_max/PIGI_2/matrix_display/doc_doxygen/qt6.tags:126: warning: Unknown end tag 'a' found!
/home/maxime/dev_max/PIGI_2/matrix_display/doc_doxygen/qt6.tags:127: warning: Unknown start tag 'a' found!
/home/maxime/dev_max/PIGI_2/matrix_display/doc_doxygen/qt6.tags:127: warning: Unknown start tag 'span' found!
/home/maxime/dev_max/PIGI_2/matrix_display/doc_doxygen/qt6.tags:127: warning: Unknown end tag 'span' found!
/home/maxime/dev_max/PIGI_2/matrix_display/doc_doxygen/qt6.tags:127: warning: Unknown end tag 'a' found!
/home/maxime/dev_max/PIGI_2/matrix_display/doc_doxygen/qt6.tags:128: warning: Unknown start tag 'a' found!
/home/maxime/dev_max/PIGI_2/matrix_display/doc_doxygen/qt6.tags:128: warning: Unknown start tag 'span' found!
/home/maxime/dev_max/PIGI_2/matrix_display/doc_doxygen/qt6.tags:128: warning: Unknown end tag 'span' found!
/home/maxime/dev_max/PIGI_2/matrix_display/doc_doxygen/qt6.tags:128: warning: Unknown end tag 'a' found!
/home/maxime/dev_max/PIGI_2/matrix_display/doc_doxygen/qt6.tags:129: warning: Unknown end tag 'div' found!
/home/maxime/dev_max/PIGI_2/matrix_display/doc_doxygen/qt6.tags:130: warning: Unknown start tag 'div' found!
/home/maxime/dev_max/PIGI_2/matrix_display/doc_doxygen/qt6.tags:131: warning: Unknown start tag 'a' found!
/home/maxime/dev_max/PIGI_2/matrix_display/doc_doxygen/qt6.tags:131: warning: Unknown end tag 'a' found!
/home/maxime/dev_max/PIGI_2/matrix_display/doc_doxygen/qt6.tags:132: warning: Unknown end tag 'div' found!
/home/maxime/dev_max/PIGI_2/matrix_display/doc_doxygen/qt6.tags:134: warning: Found closing tag 'div' that does not match the opening tag 'img' at the same level
/home/maxime/dev_max/PIGI_2/matrix_display/doc_doxygen/qt6.tags:134: warning: Unknown end tag 'div' found!
/home/maxime/dev_max/PIGI_2/matrix_display/doc_doxygen/qt6.tags:135: warning: Unknown start tag 'div' found!
/home/maxime/dev_max/PIGI_2/matrix_display/doc_doxygen/qt6.tags:136: warning: Unknown start tag 'div' found!
/home/maxime/dev_max/PIGI_2/matrix_display/doc_doxygen/qt6.tags:138: warning: Unknown start tag 'span' found!
/home/maxime/dev_max/PIGI_2/matrix_display/doc_doxygen/qt6.tags:138: warning: Unknown start tag 'div' found!
/home/maxime/dev_max/PIGI_2/matrix_display/doc_doxygen/qt6.tags:139: warning: Unknown start tag 'ul' found!
/home/maxime/dev_max/PIGI_2/matrix_display/doc_doxygen/qt6.tags:140: warning: Unknown start tag 'li' found!
/home/maxime/dev_max/PIGI_2/matrix_display/doc_doxygen/qt6.tags:140: warning: Unknown start tag 'a' found!
/home/maxime/dev_max/PIGI_2/matrix_display/doc_doxygen/qt6.tags:140: warning: Unknown end tag 'a' found!
/home/maxime/dev_max/PIGI_2/matrix_display/doc_doxygen/qt6.tags:141: warning: Unknown start tag 'ul' found!
/home/maxime/dev_max/PIGI_2/matrix_display/doc_doxygen/qt6.tags:142: warning: Unknown start tag 'li' found!
/home/maxime/dev_max/PIGI_2/matrix_display/doc_doxygen/qt6.tags:142: warning: Unknown start tag 'a' found!
/home/maxime/dev_max/PIGI_2/matrix_display/doc_doxygen/qt6.tags:142: warning: Unknown end tag 'a' found!
/home/maxime/dev_max/PIGI_2/matrix_display/doc_doxygen/qt6.tags:142: warning: Unknown end tag 'li' found!
/home/maxime/dev_max/PIGI_2/matrix_display/doc_doxygen/qt6.tags:143: warning: Unknown start tag 'li' found!
/home/maxime/dev_max/PIGI_2/matrix_display/doc_doxygen/qt6.tags:143: warning: Unknown start tag 'a' found!
/home/maxime/dev_max/PIGI_2/matrix_display/doc_doxygen/qt6.tags:143: warning: Unknown end tag 'a' found!
/home/maxime/dev_max/PIGI_2/matrix_display/doc_doxygen/qt6.tags:143: warning: Unknown end tag 'li' found!
/home/maxime/dev_max/PIGI_2/matrix_display/doc_doxygen/qt6.tags:144: warning: Unknown start tag 'li' found!
/home/maxime/dev_max/PIGI_2/matrix_display/doc_doxygen/qt6.tags:144: warning: Unknown start tag 'a' found!
/home/maxime/dev_max/PIGI_2/matrix_display/doc_doxygen/qt6.tags:144: warning: Unknown end tag 'a' found!
/home/maxime/dev_max/PIGI_2/matrix_display/doc_doxygen/qt6.tags:144: warning: Unknown end tag 'li' found!
/home/maxime/dev_max/PIGI_2/matrix_display/doc_doxygen/qt6.tags:145: warning: Unknown start tag 'li' found!
/home/maxime/dev_max/PIGI_2/matrix_display/doc_doxygen/qt6.tags:145: warning: Unknown start tag 'a' found!
/home/maxime/dev_max/PIGI_2/matrix_display/doc_doxygen/qt6.tags:145: warning: Unknown end tag 'a' found!
/home/maxime/dev_max/PIGI_2/matrix_display/doc_doxygen/qt6.tags:145: warning: Unknown end tag 'li' found!
/home/maxime/dev_max/PIGI_2/matrix_display/doc_doxygen/qt6.tags:146: warning: Unknown start tag 'li' found!
/home/maxime/dev_max/PIGI_2/matrix_display/doc_doxygen/qt6.tags:146: warning: Unknown start tag 'a' found!
/home/maxime/dev_max/PIGI_2/matrix_display/doc_doxygen/qt6.tags:146: warning: Unknown end tag 'a' found!
/home/maxime/dev_max/PIGI_2/matrix_display/doc_doxygen/qt6.tags:146: warning: Unknown end tag 'li' found!
/home/maxime/dev_max/PIGI_2/matrix_display/doc_doxygen/qt6.tags:147: warning: Unknown start tag 'li' found!
/home/maxime/dev_max/PIGI_2/matrix_display/doc_doxygen/qt6.tags:147: warning: Unknown start tag 'a' found!
/home/maxime/dev_max/PIGI_2/matrix_display/doc_doxygen/qt6.tags:147: warning: Unknown end tag 'a' found!
/home/maxime/dev_max/PIGI_2/matrix_display/doc_doxygen/qt6.tags:147: warning: Unknown end tag 'li' found!
/home/maxime/dev_max/PIGI_2/matrix_display/doc_doxygen/qt6.tags:148: warning: Unknown start tag 'li' found!
/home/maxime/dev_max/PIGI_2/matrix_display/doc_doxygen/qt6.tags:148: warning: Unknown start tag 'a' found!
/home/maxime/dev_max/PIGI_2/matrix_display/doc_doxygen/qt6.tags:148: warning: Unknown end tag 'a' found!
/home/maxime/dev_max/PIGI_2/matrix_display/doc_doxygen/qt6.tags:148: warning: Unknown end tag 'li' found!
/home/maxime/dev_max/PIGI_2/matrix_display/doc_doxygen/qt6.tags:149: warning: Unknown end tag 'ul' found!
/home/maxime/dev_max/PIGI_2/matrix_display/doc_doxygen/qt6.tags:149: warning: Unknown end tag 'li' found!
/home/maxime/dev_max/PIGI_2/matrix_display/doc_doxygen/qt6.tags:150: warning: Unknown start tag 'li' found!
/home/maxime/dev_max/PIGI_2/matrix_display/doc_doxygen/qt6.tags:150: warning: Unknown start tag 'a' found!
/home/maxime/dev_max/PIGI_2/matrix_display/doc_doxygen/qt6.tags:150: warning: Unknown end tag 'a' found!
/home/maxime/dev_max/PIGI_2/matrix_display/doc_doxygen/qt6.tags:151: warning: Unknown start tag 'ul' found!
/home/maxime/dev_max/PIGI_2/matrix_display/doc_doxygen/qt6.tags:152: warning: Unknown start tag 'li' found!
/home/maxime/dev_max/PIGI_2/matrix_display/doc_doxygen/qt6.tags:152: warning: Unknown start tag 'a' found!
/home/maxime/dev_max/PIGI_2/matrix_display/doc_doxygen/qt6.tags:152: warning: Unknown end tag 'a' found!
/home/maxime/dev_max/PIGI_2/matrix_display/doc_doxygen/qt6.tags:152: warning: Unknown end tag 'li' found!
/home/maxime/dev_max/PIGI_2/matrix_display/doc_doxygen/qt6.tags:153: warning: Unknown start tag 'li' found!
/home/maxime/dev_max/PIGI_2/matrix_display/doc_doxygen/qt6.tags:153: warning: Unknown start tag 'a' found!
/home/maxime/dev_max/PIGI_2/matrix_display/doc_doxygen/qt6.tags:153: warning: Unknown end tag 'a' found!
/home/maxime/dev_max/PIGI_2/matrix_display/doc_doxygen/qt6.tags:153: warning: Unknown end tag 'li' found!
/home/maxime/dev_max/PIGI_2/matrix_display/doc_doxygen/qt6.tags:154: warning: Unknown start tag 'li' found!
/home/maxime/dev_max/PIGI_2/matrix_display/doc_doxygen/qt6.tags:154: warning: Unknown start tag 'a' found!
/home/maxime/dev_max/PIGI_2/matrix_display/doc_doxygen/qt6.tags:154: warning: Unknown end tag 'a' found!
/home/maxime/dev_max/PIGI_2/matrix_display/doc_doxygen/qt6.tags:154: warning: Unknown end tag 'li' found!
/home/maxime/dev_max/PIGI_2/matrix_display/doc_doxygen/qt6.tags:155: warning: Unknown start tag 'li' found!
/home/maxime/dev_max/PIGI_2/matrix_display/doc_doxygen/qt6.tags:155: warning: Unknown start tag 'a' found!
/home/maxime/dev_max/PIGI_2/matrix_display/doc_doxygen/qt6.tags:155: warning: Unknown end tag 'a' found!
/home/maxime/dev_max/PIGI_2/matrix_display/doc_doxygen/qt6.tags:155: warning: Unknown end tag 'li' found!
/home/maxime/dev_max/PIGI_2/matrix_display/doc_doxygen/qt6.tags:156: warning: Unknown start tag 'li' found!
/home/maxime/dev_max/PIGI_2/matrix_display/doc_doxygen/qt6.tags:156: warning: Unknown start tag 'a' found!
/home/maxime/dev_max/PIGI_2/matrix_display/doc_doxygen/qt6.tags:156: warning: Unknown end tag 'a' found!
/home/maxime/dev_max/PIGI_2/matrix_display/doc_doxygen/qt6.tags:156: warning: Unknown end tag 'li' found!
/home/maxime/dev_max/PIGI_2/matrix_display/doc_doxygen/qt6.tags:157: warning: Unknown end tag 'ul' found!
/home/maxime/dev_max/PIGI_2/matrix_display/doc_doxygen/qt6.tags:157: warning: Unknown end tag 'li' found!
/home/maxime/dev_max/PIGI_2/matrix_display/doc_doxygen/qt6.tags:158: warning: Unknown start tag 'li' found!
/home/maxime/dev_max/PIGI_2/matrix_display/doc_doxygen/qt6.tags:158: warning: Unknown start tag 'a' found!
/home/maxime/dev_max/PIGI_2/matrix_display/doc_doxygen/qt6.tags:158: warning: Unknown end tag 'a' found!
/home/maxime/dev_max/PIGI_2/matrix_display/doc_doxygen/qt6.tags:159: warning: Unknown start tag 'ul' found!
/home/maxime/dev_max/PIGI_2/matrix_display/doc_doxygen/qt6.tags:160: warning: Unknown start tag 'li' found!
/home/maxime/dev_max/PIGI_2/matrix_display/doc_doxygen/qt6.tags:160: warning: Unknown start tag 'a' found!
/home/maxime/dev_max/PIGI_2/matrix_display/doc_doxygen/qt6.tags:160: warning: Unknown end tag 'a' found!
/home/maxime/dev_max/PIGI_2/matrix_display/doc_doxygen/qt6.tags:160: warning: Unknown end tag 'li' found!
/home/maxime/dev_max/PIGI_2/matrix_display/doc_doxygen/qt6.tags:161: warning: Unknown start tag 'li' found!
/home/maxime/dev_max/PIGI_2/matrix_display/doc_doxygen/qt6.tags:161: warning: Unknown start tag 'a' found!
/home/maxime/dev_max/PIGI_2/matrix_display/doc_doxygen/qt6.tags:161: warning: Unknown end tag 'a' found!
/home/maxime/dev_max/PIGI_2/matrix_display/doc_doxygen/qt6.tags:161: warning: Unknown end tag 'li' found!
/home/maxime/dev_max/PIGI_2/matrix_display/doc_doxygen/qt6.tags:162: warning: Unknown start tag 'li' found!
/home/maxime/dev_max/PIGI_2/matrix_display/doc_doxygen/qt6.tags:162: warning: Unknown start tag 'a' found!
/home/maxime/dev_max/PIGI_2/matrix_display/doc_doxygen/qt6.tags:162: warning: Unknown end tag 'a' found!
/home/maxime/dev_max/PIGI_2/matrix_display/doc_doxygen/qt6.tags:162: warning: Unknown end tag 'li' found!
/home/maxime/dev_max/PIGI_2/matrix_display/doc_doxygen/qt6.tags:163: warning: Unknown start tag 'li' found!
/home/maxime/dev_max/PIGI_2/matrix_display/doc_doxygen/qt6.tags:163: warning: Unknown start tag 'a' found!
/home/maxime/dev_max/PIGI_2/matrix_display/doc_doxygen/qt6.tags:163: warning: Unknown end tag 'a' found!
/home/maxime/dev_max/PIGI_2/matrix_display/doc_doxygen/qt6.tags:163: warning: Unknown end tag 'li' found!
/home/maxime/dev_max/PIGI_2/matrix_display/doc_doxygen/qt6.tags:164: warning: Unknown end tag 'ul' found!
/home/maxime/dev_max/PIGI_2/matrix_display/doc_doxygen/qt6.tags:164: warning: Unknown end tag 'li' found!
/home/maxime/dev_max/PIGI_2/matrix_display/doc_doxygen/qt6.tags:165: warning: Unknown start tag 'li' found!
/home/maxime/dev_max/PIGI_2/matrix_display/doc_doxygen/qt6.tags:165: warning: Unknown start tag 'a' found!
/home/maxime/dev_max/PIGI_2/matrix_display/doc_doxygen/qt6.tags:165: warning: Unknown end tag 'a' found!
/home/maxime/dev_max/PIGI_2/matrix_display/doc_doxygen/qt6.tags:166: warning: Unknown start tag 'ul' found!
/home/maxime/dev_max/PIGI_2/matrix_display/doc_doxygen/qt6.tags:167: warning: Unknown start tag 'li' found!
/home/maxime/dev_max/PIGI_2/matrix_display/doc_doxygen/qt6.tags:167: warning: Unknown start tag 'a' found!
/home/maxime/dev_max/PIGI_2/matrix_display/doc_doxygen/qt6.tags:167: warning: Unknown end tag 'a' found!
/home/maxime/dev_max/PIGI_2/matrix_display/doc_doxygen/qt6.tags:167: warning: Unknown end tag 'li' found!
/home/maxime/dev_max/PIGI_2/matrix_display/doc_doxygen/qt6.tags:168: warning: Unknown start tag 'li' found!
/home/maxime/dev_max/PIGI_2/matrix_display/doc_doxygen/qt6.tags:168: warning: Unknown start tag 'a' found!
/home/maxime/dev_max/PIGI_2/matrix_display/doc_doxygen/qt6.tags:168: warning: Unknown end tag 'a' found!
/home/maxime/dev_max/PIGI_2/matrix_display/doc_doxygen/qt6.tags:168: warning: Unknown end tag 'li' found!
/home/maxime/dev_max/PIGI_2/matrix_display/doc_doxygen/qt6.tags:169: warning: Unknown start tag 'li' found!
/home/maxime/dev_max/PIGI_2/matrix_display/doc_doxygen/qt6.tags:169: warning: Unknown start tag 'a' found!
/home/maxime/dev_max/PIGI_2/matrix_display/doc_doxygen/qt6.tags:169: warning: Unknown end tag 'a' found!
/home/maxime/dev_max/PIGI_2/matrix_display/doc_doxygen/qt6.tags:169: warning: Unknown end tag 'li' found!
/home/maxime/dev_max/PIGI_2/matrix_display/doc_doxygen/qt6.tags:170: warning: Unknown start tag 'li' found!
/home/maxime/dev_max/PIGI_2/matrix_display/doc_doxygen/qt6.tags:170: warning: Unknown start tag 'a' found!
/home/maxime/dev_max/PIGI_2/matrix_display/doc_doxygen/qt6.tags:170: warning: Unknown end tag 'a' found!
/home/maxime/dev_max/PIGI_2/matrix_display/doc_doxygen/qt6.tags:170: warning: Unknown end tag 'li' found!
/home/maxime/dev_max/PIGI_2/matrix_display/doc_doxygen/qt6.tags:171: warning: Unknown start tag 'li' found!
/home/maxime/dev_max/PIGI_2/matrix_display/doc_doxygen/qt6.tags:171: warning: Unknown start tag 'a' found!
/home/maxime/dev_max/PIGI_2/matrix_display/doc_doxygen/qt6.tags:171: warning: Unknown end tag 'a' found!
/home/maxime/dev_max/PIGI_2/matrix_display/doc_doxygen/qt6.tags:171: warning: Unknown end tag 'li' found!
/home/maxime/dev_max/PIGI_2/matrix_display/doc_doxygen/qt6.tags:172: warning: Unknown end tag 'ul' found!
/home/maxime/dev_max/PIGI_2/matrix_display/doc_doxygen/qt6.tags:172: warning: Unknown end tag 'li' found!
/home/maxime/dev_max/PIGI_2/matrix_display/doc_doxygen/qt6.tags:173: warning: Unknown end tag 'ul' found!
/home/maxime/dev_max/PIGI_2/matrix_display/doc_doxygen/qt6.tags:174: warning: Unknown end tag 'div' found!
/home/maxime/dev_max/PIGI_2/matrix_display/doc_doxygen/qt6.tags:174: warning: Unknown end tag 'span' found!
/home/maxime/dev_max/PIGI_2/matrix_display/doc_doxygen/qt6.tags:175: warning: Unknown end tag 'div' found!
/home/maxime/dev_max/PIGI_2/matrix_display/doc_doxygen/qt6.tags:176: warning: Unknown end tag 'div' found!
/home/maxime/dev_max/PIGI_2/matrix_display/doc_doxygen/qt6.tags:177: warning: Found closing tag 'div' that does not match the opening tag 'img' at the same level
/home/maxime/dev_max/PIGI_2/matrix_display/doc_doxygen/qt6.tags:177: warning: Unknown end tag 'div' found!
/home/maxime/dev_max/PIGI_2/matrix_display/doc_doxygen/qt6.tags:178: warning: Unknown start tag 'div' found!
/home/maxime/dev_max/PIGI_2/matrix_display/doc_doxygen/qt6.tags:179: warning: Unknown start tag 'div' found!
/home/maxime/dev_max/PIGI_2/matrix_display/doc_doxygen/qt6.tags:180: warning: Unknown start tag 'div' found!
/home/maxime/dev_max/PIGI_2/matrix_display/doc_doxygen/qt6.tags:181: warning: Unknown start tag 'span' found!
/home/maxime/dev_max/PIGI_2/matrix_display/doc_doxygen/qt6.tags:181: warning: Unknown start tag 'div' found!
/home/maxime/dev_max/PIGI_2/matrix_display/doc_doxygen/qt6.tags:182: warning: Unknown start tag 'ul' found!
/home/maxime/dev_max/PIGI_2/matrix_display/doc_doxygen/qt6.tags:183: warning: Unknown start tag 'li' found!
/home/maxime/dev_max/PIGI_2/matrix_display/doc_doxygen/qt6.tags:183: warning: Unknown start tag 'a' found!
/home/maxime/dev_max/PIGI_2/matrix_display/doc_doxygen/qt6.tags:183: warning: Unknown end tag 'a' found!
/home/maxime/dev_max/PIGI_2/matrix_display/doc_doxygen/qt6.tags:183: warning: Unknown end tag 'li' found!
/home/maxime/dev_max/PIGI_2/matrix_display/doc_doxygen/qt6.tags:184: warning: Unknown start tag 'li' found!
/home/maxime/dev_max/PIGI_2/matrix_display/doc_doxygen/qt6.tags:184: warning: Unknown start tag 'a' found!
/home/maxime/dev_max/PIGI_2/matrix_display/doc_doxygen/qt6.tags:184: warning: Unknown end tag 'a' found!
/home/maxime/dev_max/PIGI_2/matrix_display/doc_doxygen/qt6.tags:184: warning: Unknown end tag 'li' found!
/home/maxime/dev_max/PIGI_2/matrix_display/doc_doxygen/qt6.tags:185: warning: Unknown end tag 'ul' found!
/home/maxime/dev_max/PIGI_2/matrix_display/doc_doxygen/qt6.tags:186: warning: Unknown end tag 'div' found!
/home/maxime/dev_max/PIGI_2/matrix_display/doc_doxygen/qt6.tags:186: warning: Unknown end tag 'span' found!
/home/maxime/dev_max/PIGI_2/matrix_display/doc_doxygen/qt6.tags:187: warning: Unknown start tag 'p' found!
/home/maxime/dev_max/PIGI_2/matrix_display/doc_doxygen/qt6.tags:187: warning: Unknown end tag 'p' found!
/home/maxime/dev_max/PIGI_2/matrix_display/doc_doxygen/qt6.tags:188: warning: Unknown end tag 'div' found!
/home/maxime/dev_max/PIGI_2/matrix_display/doc_doxygen/qt6.tags:189: warning: Unknown end tag 'div' found!
/home/maxime/dev_max/PIGI_2/matrix_display/doc_doxygen/qt6.tags:190: warning: Unknown start tag 'div' found!
/home/maxime/dev_max/PIGI_2/matrix_display/doc_doxygen/qt6.tags:191: warning: Unknown end tag 'div' found!
/home/maxime/dev_max/PIGI_2/matrix_display/doc_doxygen/qt6.tags:192: warning: Unknown end tag 'div' found!
/home/maxime/dev_max/PIGI_2/matrix_display/doc_doxygen/qt6.tags:193: warning: Found closing tag 'div' that does not match the opening tag 'img' at the same level
/home/maxime/dev_max/PIGI_2/matrix_display/doc_doxygen/qt6.tags:193: warning: Unknown end tag 'div' found!
/home/maxime/dev_max/PIGI_2/matrix_display/doc_doxygen/qt6.tags:194: warning: Found closing tag 'div' that does not match the opening tag 'img' at the same level
/home/maxime/dev_max/PIGI_2/matrix_display/doc_doxygen/qt6.tags:194: warning: Unknown end tag 'div' found!
/home/maxime/dev_max/PIGI_2/matrix_display/doc_doxygen/qt6.tags:195: warning: Found closing tag 'div' that does not match the opening tag 'img' at the same level
/home/maxime/dev_max/PIGI_2/matrix_display/doc_doxygen/qt6.tags:195: warning: Unknown end tag 'div' found!
/home/maxime/dev_max/PIGI_2/matrix_display/doc_doxygen/qt6.tags:195: warning: Found closing tag 'body' that does not match the opening tag 'img' at the same level
/home/maxime/dev_max/PIGI_2/matrix_display/doc_doxygen/qt6.tags:195: warning: Unknown end tag 'body' found!
/home/maxime/dev_max/PIGI_2/matrix_display/doc_doxygen/qt6.tags:196: warning: Found closing tag 'html' that does not match the opening tag 'img' at the same level
/home/maxime/dev_max/PIGI_2/matrix_display/doc_doxygen/qt6.tags:196: warning: Unknown end tag 'html' found!
/home/maxime/dev_max/PIGI_2/matrix_display/doc_doxygen/qt6.tags:197: warning: End of file reached while expecting closing tag 'img'
/home/maxime/dev_max/PIGI_2/matrix_display/README.md:1: warning: found more than one \mainpage comment block! (first occurrence: /home/maxime/dev_max/PIGI_2/matrix_display/src/main.cpp, line 5), Skipping current block!
Doxygen version used: 1.9.8
Searching for include files...
Searching for example files...
Searching for images...
Searching for dot files...
Searching for msc files...
Searching for dia files...
Searching for files to exclude
Searching INPUT for files to process...
Searching for files in directory /home/maxime/dev_max/PIGI_2/matrix_display/src
Searching for files in directory /home/maxime/dev_max/PIGI_2/matrix_display/headers
Reading and parsing tag files
Reading tag file 'doc_doxygen/qt6.tags', location 'https://doc.qt.io/qt-6/'...
Parsing files
Preprocessing /home/maxime/dev_max/PIGI_2/matrix_display/src/main.cpp...
Parsing file /home/maxime/dev_max/PIGI_2/matrix_display/src/main.cpp...
Preprocessing /home/maxime/dev_max/PIGI_2/matrix_display/src/mainwindow.cpp...
Parsing file /home/maxime/dev_max/PIGI_2/matrix_display/src/mainwindow.cpp...
Preprocessing /home/maxime/dev_max/PIGI_2/matrix_display/src/matrixdisplay.cpp...
Parsing file /home/maxime/dev_max/PIGI_2/matrix_display/src/matrixdisplay.cpp...
Preprocessing /home/maxime/dev_max/PIGI_2/matrix_display/headers/mainwindow.h...
Parsing file /home/maxime/dev_max/PIGI_2/matrix_display/headers/mainwindow.h...
Preprocessing /home/maxime/dev_max/PIGI_2/matrix_display/headers/matrixdisplay.h...
Parsing file /home/maxime/dev_max/PIGI_2/matrix_display/headers/matrixdisplay.h...
Preprocessing /home/maxime/dev_max/PIGI_2/matrix_display/headers/matrixfont.h...
Parsing file /home/maxime/dev_max/PIGI_2/matrix_display/headers/matrixfont.h...
Reading /home/maxime/dev_max/PIGI_2/matrix_display/README.md...
Building macro definition list...
Building group list...
Building directory list...
Building namespace list...
Building file list...
Building class list...
Building concept list...
Computing nesting relations for classes...
Associating documentation with classes...
Associating documentation with concepts...
Associating documentation with modules...
Building example list...
Searching for enumerations...
Searching for documented typedefs...
Searching for members imported via using declarations...
Searching for included using directives...
Searching for documented variables...
Building interface member list...
Building member list...
Searching for friends...
Searching for documented defines...
Computing class inheritance relations...
Computing class usage relations...
Flushing cached template relations that have become invalid...
Computing class relations...
Add enum values to enums...
Searching for member function documentation...
Creating members for template instances...
Building page list...
Search for main page...
Computing page relations...
Determining the scope of groups...
Computing module relations...
Sorting lists...
Determining which enums are documented
Computing member relations...
Building full member lists recursively...
Adding members to member groups.
Computing member references...
Inheriting documentation...
Generating disk names...
Adding source references...
Adding xrefitems...
Sorting member lists...
Setting anonymous enum type...
Computing dependencies between directories...
Generating citations page...
Counting members...
Counting data structures...
Resolving user defined references...
Finding anchors and sections in the documentation...
Transferring function references...
Combining using relations...
Adding members to index pages...
Correcting members for VHDL...
Computing tooltip texts...
Generating style sheet...
Generating search indices...
Generating example documentation...
Generating file sources...
Generating code for file mainwindow.h...
Generating code for file matrixdisplay.h...
Generating code for file matrixfont.h...
Parsing code for file README.md...
Generating code for file main.cpp...
Generating code for file mainwindow.cpp...
Generating code for file matrixdisplay.cpp...
Generating file documentation...
Generating docs for file mainwindow.h...
Generating docs for file matrixdisplay.h...
Generating docs for file matrixfont.h...
Generating docs for file README.md...
Generating docs for file main.cpp...
Generating docs for file mainwindow.cpp...
G/home/maxime/dev_max/PIGI_2/matrix_display/src/mainwindow.cpp:21: warning: argument 'parent' from the argument list of MainWindow::MainWindow has multiple @param documentation sections
enerating docs for file matrixdisplay.cpp...
Generating page documentation...
Generating group documentation...
Generating class documentation...
Generating docs for compound MainWindow...
Generating call graph for function MainWindow::MainWindow
Generating call graph for function MainWindow::openColorPicker
Generating caller graph for function MainWindow::openColorPicker
Generating call graph for function MainWindow::toggleClock
Generating caller graph for function MainWindow::toggleClock
Generating call graph for function MainWindow::updateMatrixText
Generating caller graph for function MainWindow::updateMatrixText
Generating docs for compound MatrixDisplay...
Generating call graph for function MatrixDisplay::MatrixDisplay
Generating caller graph for function MatrixDisplay::calculateCellSize
Generating call graph for function MatrixDisplay::onTimeout
Generating caller graph for function MatrixDisplay::onTimeout
Generating call graph for function MatrixDisplay::paintEvent
Generating call graph for function MatrixDisplay::requiresScrolling
Generating caller graph for function MatrixDisplay::requiresScrolling
Generating call graph for function MatrixDisplay::resizeEvent
Generating call graph for function MatrixDisplay::restartScrollIfNeeded
Generating caller graph for function MatrixDisplay::restartScrollIfNeeded
Generating caller graph for function MatrixDisplay::setColor
Generating call graph for function MatrixDisplay::setDisplayMode
Generating caller graph for function MatrixDisplay::setDisplayMode
Generating call graph for function MatrixDisplay::setScrollEnabled
Generating caller graph for function MatrixDisplay::setScrollEnabled
Generating call graph for function MatrixDisplay::setText
Generating caller graph for function MatrixDisplay::setText
Generating concept documentation...
Generating module documentation...
Generating namespace documentation...
Generating graph info page...
Generating directory documentation...
Generating dependency graph for directory src
Generating index page...
Generating main page...
Generating page index...
Generating topic index...
Generating module index...
Generating module member index...
Generating namespace index...
Generating namespace member index...
Generating concept index...
Generating annotated compound index...
Generating alphabetical compound index...
Generating hierarchical class index...
Generating graphical class hierarchy...
Generating member index...
Generating file index...
Generating file member index...
Generating example index...
finalizing index lists...
writing tag file...
Running plantuml with JAVA...
Running dot...
type lookup cache used 97/65536 hits=425 misses=98
symbol lookup cache used 134/65536 hits=1603 misses=134
finished...
